<?xml version="1.0" encoding="UTF-8"?>
<testng-results ignored="0" total="1" passed="1" failed="0" skipped="0">
  <reporter-output>
  </reporter-output>
  <suite started-at="2023-07-24T22:22:36 CDT" name="Default suite" finished-at="2023-07-24T22:22:52 CDT" duration-ms="16229">
    <groups>
    </groups>
    <test started-at="2023-07-24T22:22:36 CDT" name="Default test" finished-at="2023-07-24T22:22:52 CDT" duration-ms="16229">
      <class name="test.AddCustomerTest">
        <test-method signature="userSouldBeAbleToAddCustomer()[pri:0, instance:test.AddCustomerTest@47e2e487]" started-at="2023-07-24T22:22:36 CDT" name="userSouldBeAbleToAddCustomer" finished-at="2023-07-24T22:22:52 CDT" duration-ms="16140" status="PASS">
          <reporter-output>
          </reporter-output>
        </test-method> <!-- userSouldBeAbleToAddCustomer -->
      </class> <!-- test.AddCustomerTest -->
    </test> <!-- Default test -->
  </suite> <!-- Default suite -->
</testng-results>
